6/27/2021, 3:37:58 PM GET /users 401
6/27/2021, 3:37:58 PM GET /users/123 401
6/27/2021, 3:37:58 PM POST /users 401
6/27/2021, 3:37:58 PM PUT /users/12345 401
6/27/2021, 3:37:58 PM DELETE /users/12345 401
6/27/2021, 3:37:59 PM GET /boards/12 404
6/27/2021, 3:38:00 PM GET /boards/10/tasks/11 404
6/27/2021, 3:38:00 PM GET /boards/13/tasks/16 404
6/27/2021, 3:38:00 PM GET /boards/13/tasks/14 404
6/27/2021, 3:38:00 PM GET /boards/13/tasks/15 404
6/27/2021, 3:38:00 PM GET /boards/13/tasks/18 404
6/27/2021, 3:38:00 PM GET /boards/13/tasks/17 404
6/27/2021, 3:38:00 PM GET /boards 401
6/27/2021, 3:38:00 PM GET /boards/12345 401
6/27/2021, 3:38:00 PM POST /boards 401
6/27/2021, 3:38:01 PM PUT /boards/12345 401
6/27/2021, 3:38:01 PM DELETE /boards/12345 401
6/27/2021, 3:38:01 PM GET /boards/12345/tasks 401
6/27/2021, 3:38:01 PM GET /boards/12345/tasks/12345 401
6/27/2021, 3:38:01 PM POST /boards/12345/tasks 401
6/27/2021, 3:38:01 PM PUT /boards/12345/tasks/12345 401
6/27/2021, 3:38:01 PM DELETE /boards/12345/tasks/12345 401
