GET /users 401 [115ms]
GET /users/123 401 [2ms]
POST /users 401 [3ms]
PUT /users/12345 401 [4ms]
DELETE /users/12345 401 [1ms]
POST /login 200 [363ms]
POST /login 200 [273ms]
GET /users 200 [19ms]
POST /boards 201 [153ms]
GET /boards 200 [10ms]
POST /users 201 [111ms]
GET /boards 200 [20ms]
GET /users/df878eb3-d425-40d6-9db4-76713fd14d00 200 [18ms]
GET /boards/8 200 [13ms]
POST /boards 201 [25ms]
DELETE /users/df878eb3-d425-40d6-9db4-76713fd14d00 204 [76ms]
POST /login 200 [341ms]
DELETE /boards/9 204 [126ms]
POST /users 201 [112ms]
POST /boards 201 [26ms]
POST /boards 201 [28ms]
PUT /boards/11 200 [46ms]
POST /boards/10/tasks 201 [104ms]
GET /boards/11 200 [43ms]
DELETE /users/b7f96fb4-e822-4661-aab8-5b11262bd859 204 [162ms]
GET /boards/10/tasks 200 [32ms]
POST /users 201 [182ms]
DELETE /boards/11 204 [218ms]
GET /boards/10/tasks 200 [50ms]
PUT /users/66e66f1c-6cc4-4fa7-b13b-61dc5fc687a4 200 [33ms]
POST /boards 201 [49ms]
GET /boards/10/tasks/11 200 [29ms]
GET /users/66e66f1c-6cc4-4fa7-b13b-61dc5fc687a4 200 [18ms]
DELETE /boards/12 204 [34ms]
POST /boards/10/tasks 201 [43ms]
GET /boards/12 404 [26ms]
DELETE /users/66e66f1c-6cc4-4fa7-b13b-61dc5fc687a4 204 [73ms]
DELETE /boards/10/tasks/12 204 [38ms]
POST /boards 201 [30ms]
POST /users 201 [135ms]
POST /boards/10/tasks 201 [46ms]
POST /boards/13/tasks 201 [71ms]
PUT /boards/10/tasks/13 200 [71ms]
DELETE /users/5498572a-e645-4e2a-a4b7-bf8f71090396 204 [133ms]
GET /boards/10/tasks/13 200 [47ms]
POST /boards/13/tasks 201 [259ms]
POST /boards/13/tasks 201 [260ms]
POST /boards/13/tasks 201 [276ms]
POST /users 201 [167ms]
POST /boards/13/tasks 201 [413ms]
GET /boards/10/tasks/11 200 [41ms]
GET /boards/13/tasks/16 200 [54ms]
GET /boards/13/tasks/14 200 [64ms]
GET /boards/13/tasks/18 200 [65ms]
GET /boards/13/tasks/17 200 [67ms]
GET /boards/13/tasks/15 200 [78ms]
POST /boards 201 [104ms]
DELETE /boards/10/tasks/11 204 [109ms]
POST /boards/14/tasks 201 [34ms]
POST /boards/14/tasks 201 [36ms]
GET /boards/10/tasks/11 404 [19ms]
DELETE /boards/13 204 [65ms]
GET /boards/13/tasks/16 404 [65ms]
GET /boards/13/tasks/14 404 [76ms]
DELETE /boards/10 204 [105ms]
DELETE /users/de29ec17-5c73-464f-b164-98913e06eceb 204 [149ms]
GET /boards/13/tasks/15 404 [271ms]
GET /boards/14/tasks/20 200 [100ms]
GET /boards/13/tasks/18 404 [327ms]
GET /boards/13/tasks/17 404 [330ms]
GET /boards 401 [2ms]
GET /boards/14/tasks/19 200 [37ms]
GET /boards/12345 401 [5ms]
POST /boards 401 [2ms]
PUT /boards/12345 401 [6ms]
DELETE /boards/12345 401 [3ms]
DELETE /boards/14/tasks/19 204 [81ms]
DELETE /boards/8 204 [131ms]
DELETE /boards/14/tasks/20 204 [114ms]
DELETE /boards/14 204 [45ms]
GET /boards/12345/tasks 401 [3ms]
GET /boards/12345/tasks/12345 401 [3ms]
POST /boards/12345/tasks 401 [6ms]
PUT /boards/12345/tasks/12345 401 [9ms]
DELETE /boards/12345/tasks/12345 401 [41ms]
